import _frozen_importlib # frozen
import _imp # builtin
import '_thread' # <class '_frozen_importlib.BuiltinImporter'>
import '_warnings' # <class '_frozen_importlib.BuiltinImporter'>
import '_weakref' # <class '_frozen_importlib.BuiltinImporter'>
import 'winreg' # <class '_frozen_importlib.BuiltinImporter'>
import '_io' # <class '_frozen_importlib.BuiltinImporter'>
import 'marshal' # <class '_frozen_importlib.BuiltinImporter'>
import 'nt' # <class '_frozen_importlib.BuiltinImporter'>
import '_frozen_importlib_external' # <class '_frozen_importlib.FrozenImporter'>
# installing zipimport hook
import 'time' # <class '_frozen_importlib.BuiltinImporter'>
import 'zipimport' # <class '_frozen_importlib.FrozenImporter'>
# installed zipimport hook
# C:\Python312\Lib\encodings\__pycache__\__init__.cpython-312.pyc matches C:\Python312\Lib\encodings\__init__.py
# code object from 'C:\\Python312\\Lib\\encodings\\__pycache__\\__init__.cpython-312.pyc'
import '_codecs' # <class '_frozen_importlib.BuiltinImporter'>
import 'codecs' # <class '_frozen_importlib.FrozenImporter'>
# C:\Python312\Lib\encodings\__pycache__\aliases.cpython-312.pyc matches C:\Python312\Lib\encodings\aliases.py
# code object from 'C:\\Python312\\Lib\\encodings\\__pycache__\\aliases.cpython-312.pyc'
import 'encodings.aliases' # <_frozen_importlib_external.SourceFileLoader object at 0x00000264193B8BC0>
import 'encodings' # <_frozen_importlib_external.SourceFileLoader object at 0x0000026419387050>
# C:\Python312\Lib\encodings\__pycache__\utf_8.cpython-312.pyc matches C:\Python312\Lib\encodings\utf_8.py
# code object from 'C:\\Python312\\Lib\\encodings\\__pycache__\\utf_8.cpython-312.pyc'
import 'encodings.utf_8' # <_frozen_importlib_external.SourceFileLoader object at 0x00000264193BB410>
# C:\Python312\Lib\encodings\__pycache__\cp1252.cpython-312.pyc matches C:\Python312\Lib\encodings\cp1252.py
# code object from 'C:\\Python312\\Lib\\encodings\\__pycache__\\cp1252.cpython-312.pyc'
import 'encodings.cp1252' # <_frozen_importlib_external.SourceFileLoader object at 0x00000264193BB5C0>
import '_signal' # <class '_frozen_importlib.BuiltinImporter'>
import '_abc' # <class '_frozen_importlib.BuiltinImporter'>
import 'abc' # <class '_frozen_importlib.FrozenImporter'>
import 'io' # <class '_frozen_importlib.FrozenImporter'>
import '_stat' # <class '_frozen_importlib.BuiltinImporter'>
import 'stat' # <class '_frozen_importlib.FrozenImporter'>
import '_collections_abc' # <class '_frozen_importlib.FrozenImporter'>
import 'genericpath' # <class '_frozen_importlib.FrozenImporter'>
import '_winapi' # <class '_frozen_importlib.BuiltinImporter'>
import 'ntpath' # <class '_frozen_importlib.FrozenImporter'>
import 'os' # <class '_frozen_importlib.FrozenImporter'>
import '_sitebuiltins' # <class '_frozen_importlib.FrozenImporter'>
Processing global site-packages
Adding directory: 'c:\\Users\\conta\\refactool-beta\\venv'
Adding directory: 'c:\\Users\\conta\\refactool-beta\\venv\\Lib\\site-packages'
Processing user site-packages
Processing global site-packages
Adding directory: 'c:\\Users\\conta\\refactool-beta\\venv'
Adding directory: 'c:\\Users\\conta\\refactool-beta\\venv\\Lib\\site-packages'
import 'site' # <class '_frozen_importlib.FrozenImporter'>
Python 3.12.6 (tags/v3.12.6:a4a2d2b, Sep  6 2024, 20:11:23) [MSC v.1940 64 bit (AMD64)] on win32
Type "help", "copyright", "credits" or "license" for more information.
# C:\Python312\Lib\__pycache__\argparse.cpython-312.pyc matches C:\Python312\Lib\argparse.py
# code object from 'C:\\Python312\\Lib\\__pycache__\\argparse.cpython-312.pyc'
# C:\Python312\Lib\re\__pycache__\__init__.cpython-312.pyc matches C:\Python312\Lib\re\__init__.py
# code object from 'C:\\Python312\\Lib\\re\\__pycache__\\__init__.cpython-312.pyc'
# C:\Python312\Lib\__pycache__\enum.cpython-312.pyc matches C:\Python312\Lib\enum.py
# code object from 'C:\\Python312\\Lib\\__pycache__\\enum.cpython-312.pyc'
# C:\Python312\Lib\__pycache__\types.cpython-312.pyc matches C:\Python312\Lib\types.py
# code object from 'C:\\Python312\\Lib\\__pycache__\\types.cpython-312.pyc'
import 'types' # <_frozen_importlib_external.SourceFileLoader object at 0x00000264196DFEF0>
# C:\Python312\Lib\__pycache__\operator.cpython-312.pyc matches C:\Python312\Lib\operator.py
# code object from 'C:\\Python312\\Lib\\__pycache__\\operator.cpython-312.pyc'
import '_operator' # <class '_frozen_importlib.BuiltinImporter'>
import 'operator' # <_frozen_importlib_external.SourceFileLoader object at 0x00000264196DEAE0>
# C:\Python312\Lib\__pycache__\functools.cpython-312.pyc matches C:\Python312\Lib\functools.py
# code object from 'C:\\Python312\\Lib\\__pycache__\\functools.cpython-312.pyc'
# C:\Python312\Lib\collections\__pycache__\__init__.cpython-312.pyc matches C:\Python312\Lib\collections\__init__.py
# code object from 'C:\\Python312\\Lib\\collections\\__pycache__\\__init__.cpython-312.pyc'
import 'itertools' # <class '_frozen_importlib.BuiltinImporter'>
# C:\Python312\Lib\__pycache__\keyword.cpython-312.pyc matches C:\Python312\Lib\keyword.py
# code object from 'C:\\Python312\\Lib\\__pycache__\\keyword.cpython-312.pyc'
import 'keyword' # <_frozen_importlib_external.SourceFileLoader object at 0x000002641972F8C0>
# C:\Python312\Lib\__pycache__\reprlib.cpython-312.pyc matches C:\Python312\Lib\reprlib.py
# code object from 'C:\\Python312\\Lib\\__pycache__\\reprlib.cpython-312.pyc'
import 'reprlib' # <_frozen_importlib_external.SourceFileLoader object at 0x000002641972FF50>
import '_collections' # <class '_frozen_importlib.BuiltinImporter'>
import 'collections' # <_frozen_importlib_external.SourceFileLoader object at 0x0000026419707B60>
import '_functools' # <class '_frozen_importlib.BuiltinImporter'>
import 'functools' # <_frozen_importlib_external.SourceFileLoader object at 0x0000026419705280>
import 'enum' # <_frozen_importlib_external.SourceFileLoader object at 0x00000264196DD160>
# C:\Python312\Lib\re\__pycache__\_compiler.cpython-312.pyc matches C:\Python312\Lib\re\_compiler.py
# code object from 'C:\\Python312\\Lib\\re\\__pycache__\\_compiler.cpython-312.pyc'
import '_sre' # <class '_frozen_importlib.BuiltinImporter'>
# C:\Python312\Lib\re\__pycache__\_parser.cpython-312.pyc matches C:\Python312\Lib\re\_parser.py
# code object from 'C:\\Python312\\Lib\\re\\__pycache__\\_parser.cpython-312.pyc'
# C:\Python312\Lib\re\__pycache__\_constants.cpython-312.pyc matches C:\Python312\Lib\re\_constants.py
# code object from 'C:\\Python312\\Lib\\re\\__pycache__\\_constants.cpython-312.pyc'
import 're._constants' # <_frozen_importlib_external.SourceFileLoader object at 0x000002641971B7A0>
import 're._parser' # <_frozen_importlib_external.SourceFileLoader object at 0x000002641971A3C0>
# C:\Python312\Lib\re\__pycache__\_casefix.cpython-312.pyc matches C:\Python312\Lib\re\_casefix.py
# code object from 'C:\\Python312\\Lib\\re\\__pycache__\\_casefix.cpython-312.pyc'
import 're._casefix' # <_frozen_importlib_external.SourceFileLoader object at 0x0000026419706150>
import 're._compiler' # <_frozen_importlib_external.SourceFileLoader object at 0x0000026419707E30>
# C:\Python312\Lib\__pycache__\copyreg.cpython-312.pyc matches C:\Python312\Lib\copyreg.py
# code object from 'C:\\Python312\\Lib\\__pycache__\\copyreg.cpython-312.pyc'
import 'copyreg' # <_frozen_importlib_external.SourceFileLoader object at 0x000002641977C770>
import 're' # <_frozen_importlib_external.SourceFileLoader object at 0x00000264196DC560>
# C:\Python312\Lib\__pycache__\warnings.cpython-312.pyc matches C:\Python312\Lib\warnings.py
# code object from 'C:\\Python312\\Lib\\__pycache__\\warnings.cpython-312.pyc'
import 'warnings' # <_frozen_importlib_external.SourceFileLoader object at 0x000002641977CAD0>
# C:\Python312\Lib\__pycache__\gettext.cpython-312.pyc matches C:\Python312\Lib\gettext.py
# code object from 'C:\\Python312\\Lib\\__pycache__\\gettext.cpython-312.pyc'
import 'gettext' # <_frozen_importlib_external.SourceFileLoader object at 0x000002641977D7C0>
import 'argparse' # <_frozen_importlib_external.SourceFileLoader object at 0x00000264196F5400>
# C:\Python312\Lib\asyncio\__pycache__\__init__.cpython-312.pyc matches C:\Python312\Lib\asyncio\__init__.py
# code object from 'C:\\Python312\\Lib\\asyncio\\__pycache__\\__init__.cpython-312.pyc'
# C:\Python312\Lib\asyncio\__pycache__\base_events.cpython-312.pyc matches C:\Python312\Lib\asyncio\base_events.py
# code object from 'C:\\Python312\\Lib\\asyncio\\__pycache__\\base_events.cpython-312.pyc'
# C:\Python312\Lib\collections\__pycache__\abc.cpython-312.pyc matches C:\Python312\Lib\collections\abc.py
# code object from 'C:\\Python312\\Lib\\collections\\__pycache__\\abc.cpython-312.pyc'
import 'collections.abc' # <_frozen_importlib_external.SourceFileLoader object at 0x000002641979F3B0>
# C:\Python312\Lib\concurrent\__pycache__\__init__.cpython-312.pyc matches C:\Python312\Lib\concurrent\__init__.py
# code object from 'C:\\Python312\\Lib\\concurrent\\__pycache__\\__init__.cpython-312.pyc'
import 'concurrent' # <_frozen_importlib_external.SourceFileLoader object at 0x000002641979F440>
# C:\Python312\Lib\concurrent\futures\__pycache__\__init__.cpython-312.pyc matches C:\Python312\Lib\concurrent\futures\__init__.py
# code object from 'C:\\Python312\\Lib\\concurrent\\futures\\__pycache__\\__init__.cpython-312.pyc'
# C:\Python312\Lib\concurrent\futures\__pycache__\_base.cpython-312.pyc matches C:\Python312\Lib\concurrent\futures\_base.py
# code object from 'C:\\Python312\\Lib\\concurrent\\futures\\__pycache__\\_base.cpython-312.pyc'
# C:\Python312\Lib\logging\__pycache__\__init__.cpython-312.pyc matches C:\Python312\Lib\logging\__init__.py
# code object from 'C:\\Python312\\Lib\\logging\\__pycache__\\__init__.cpython-312.pyc'
# C:\Python312\Lib\__pycache__\traceback.cpython-312.pyc matches C:\Python312\Lib\traceback.py
# code object from 'C:\\Python312\\Lib\\__pycache__\\traceback.cpython-312.pyc'
# C:\Python312\Lib\__pycache__\linecache.cpython-312.pyc matches C:\Python312\Lib\linecache.py
# code object from 'C:\\Python312\\Lib\\__pycache__\\linecache.cpython-312.pyc'
# C:\Python312\Lib\__pycache__\tokenize.cpython-312.pyc matches C:\Python312\Lib\tokenize.py
# code object from 'C:\\Python312\\Lib\\__pycache__\\tokenize.cpython-312.pyc'
# C:\Python312\Lib\__pycache__\token.cpython-312.pyc matches C:\Python312\Lib\token.py
# code object from 'C:\\Python312\\Lib\\__pycache__\\token.cpython-312.pyc'
import 'token' # <_frozen_importlib_external.SourceFileLoader object at 0x00000264199F79E0>
import '_tokenize' # <class '_frozen_importlib.BuiltinImporter'>
import 'tokenize' # <_frozen_importlib_external.SourceFileLoader object at 0x00000264199F6390>
import 'linecache' # <_frozen_importlib_external.SourceFileLoader object at 0x00000264199F60F0>
# C:\Python312\Lib\__pycache__\textwrap.cpython-312.pyc matches C:\Python312\Lib\textwrap.py
# code object from 'C:\\Python312\\Lib\\__pycache__\\textwrap.cpython-312.pyc'
import 'textwrap' # <_frozen_importlib_external.SourceFileLoader object at 0x00000264199F68A0>
# C:\Python312\Lib\__pycache__\contextlib.cpython-312.pyc matches C:\Python312\Lib\contextlib.py
# code object from 'C:\\Python312\\Lib\\__pycache__\\contextlib.cpython-312.pyc'
import 'contextlib' # <_frozen_importlib_external.SourceFileLoader object at 0x0000026419A0F6E0>
import 'traceback' # <_frozen_importlib_external.SourceFileLoader object at 0x00000264199F4380>
# C:\Python312\Lib\__pycache__\weakref.cpython-312.pyc matches C:\Python312\Lib\weakref.py
# code object from 'C:\\Python312\\Lib\\__pycache__\\weakref.cpython-312.pyc'
# C:\Python312\Lib\__pycache__\_weakrefset.cpython-312.pyc matches C:\Python312\Lib\_weakrefset.py
# code object from 'C:\\Python312\\Lib\\__pycache__\\_weakrefset.cpython-312.pyc'
import '_weakrefset' # <_frozen_importlib_external.SourceFileLoader object at 0x0000026419A1ED80>
import 'weakref' # <_frozen_importlib_external.SourceFileLoader object at 0x0000026419A1D940>
# C:\Python312\Lib\__pycache__\string.cpython-312.pyc matches C:\Python312\Lib\string.py
# code object from 'C:\\Python312\\Lib\\__pycache__\\string.cpython-312.pyc'
import '_string' # <class '_frozen_importlib.BuiltinImporter'>
import 'string' # <_frozen_importlib_external.SourceFileLoader object at 0x0000026419A1FBC0>
# C:\Python312\Lib\__pycache__\threading.cpython-312.pyc matches C:\Python312\Lib\threading.py
# code object from 'C:\\Python312\\Lib\\__pycache__\\threading.cpython-312.pyc'
import 'threading' # <_frozen_importlib_external.SourceFileLoader object at 0x0000026419A54740>
import 'atexit' # <class '_frozen_importlib.BuiltinImporter'>
import 'logging' # <_frozen_importlib_external.SourceFileLoader object at 0x00000264199C4AD0>
import 'concurrent.futures._base' # <_frozen_importlib_external.SourceFileLoader object at 0x000002641979F8F0>
import 'concurrent.futures' # <_frozen_importlib_external.SourceFileLoader object at 0x000002641979F5F0>
import 'errno' # <class '_frozen_importlib.BuiltinImporter'>
# C:\Python312\Lib\__pycache__\heapq.cpython-312.pyc matches C:\Python312\Lib\heapq.py
# code object from 'C:\\Python312\\Lib\\__pycache__\\heapq.cpython-312.pyc'
import '_heapq' # <class '_frozen_importlib.BuiltinImporter'>
import 'heapq' # <_frozen_importlib_external.SourceFileLoader object at 0x0000026419A8C740>
# C:\Python312\Lib\__pycache__\socket.cpython-312.pyc matches C:\Python312\Lib\socket.py
# code object from 'C:\\Python312\\Lib\\__pycache__\\socket.cpython-312.pyc'
# extension module '_socket' loaded from 'C:\\Python312\\DLLs\\_socket.pyd'
# extension module '_socket' executed from 'C:\\Python312\\DLLs\\_socket.pyd'
import '_socket' # <_frozen_importlib_external.ExtensionFileLoader object at 0x0000026419A8E330>
# C:\Python312\Lib\__pycache__\selectors.cpython-312.pyc matches C:\Python312\Lib\selectors.py
# code object from 'C:\\Python312\\Lib\\__pycache__\\selectors.cpython-312.pyc'
import 'math' # <class '_frozen_importlib.BuiltinImporter'>
# extension module 'select' loaded from 'C:\\Python312\\DLLs\\select.pyd'
# extension module 'select' executed from 'C:\\Python312\\DLLs\\select.pyd'
import 'select' # <_frozen_importlib_external.ExtensionFileLoader object at 0x0000026419AA48F0>
import 'selectors' # <_frozen_importlib_external.SourceFileLoader object at 0x0000026419A8EAE0>
import 'socket' # <_frozen_importlib_external.SourceFileLoader object at 0x0000026419A8C890>
# C:\Python312\Lib\__pycache__\subprocess.cpython-312.pyc matches C:\Python312\Lib\subprocess.py
# code object from 'C:\\Python312\\Lib\\__pycache__\\subprocess.cpython-312.pyc'
# C:\Python312\Lib\__pycache__\locale.cpython-312.pyc matches C:\Python312\Lib\locale.py
# code object from 'C:\\Python312\\Lib\\__pycache__\\locale.cpython-312.pyc'
import '_locale' # <class '_frozen_importlib.BuiltinImporter'>
import 'locale' # <_frozen_importlib_external.SourceFileLoader object at 0x0000026419AA6FF0>
# C:\Python312\Lib\__pycache__\signal.cpython-312.pyc matches C:\Python312\Lib\signal.py
# code object from 'C:\\Python312\\Lib\\__pycache__\\signal.cpython-312.pyc'
import 'signal' # <_frozen_importlib_external.SourceFileLoader object at 0x0000026419AD8470>
import 'msvcrt' # <class '_frozen_importlib.BuiltinImporter'>
import 'subprocess' # <_frozen_importlib_external.SourceFileLoader object at 0x0000026419A8D790>
# C:\Python312\Lib\__pycache__\ssl.cpython-312.pyc matches C:\Python312\Lib\ssl.py
# code object from 'C:\\Python312\\Lib\\__pycache__\\ssl.cpython-312.pyc'
# extension module '_ssl' loaded from 'C:\\Python312\\DLLs\\_ssl.pyd'
# extension module '_ssl' executed from 'C:\\Python312\\DLLs\\_ssl.pyd'
import '_ssl' # <_frozen_importlib_external.ExtensionFileLoader object at 0x0000026419ADB6E0>
# C:\Python312\Lib\__pycache__\base64.cpython-312.pyc matches C:\Python312\Lib\base64.py
# code object from 'C:\\Python312\\Lib\\__pycache__\\base64.cpython-312.pyc'
# C:\Python312\Lib\__pycache__\struct.cpython-312.pyc matches C:\Python312\Lib\struct.py
# code object from 'C:\\Python312\\Lib\\__pycache__\\struct.cpython-312.pyc'
import '_struct' # <class '_frozen_importlib.BuiltinImporter'>
import 'struct' # <_frozen_importlib_external.SourceFileLoader object at 0x0000026419B436B0>
import 'binascii' # <class '_frozen_importlib.BuiltinImporter'>
import 'base64' # <_frozen_importlib_external.SourceFileLoader object at 0x0000026419B422A0>
import 'ssl' # <_frozen_importlib_external.SourceFileLoader object at 0x0000026419AA6AE0>
# C:\Python312\Lib\asyncio\__pycache__\constants.cpython-312.pyc matches C:\Python312\Lib\asyncio\constants.py
# code object from 'C:\\Python312\\Lib\\asyncio\\__pycache__\\constants.cpython-312.pyc'
import 'asyncio.constants' # <_frozen_importlib_external.SourceFileLoader object at 0x0000026419AA6C60>
# C:\Python312\Lib\asyncio\__pycache__\coroutines.cpython-312.pyc matches C:\Python312\Lib\asyncio\coroutines.py
# code object from 'C:\\Python312\\Lib\\asyncio\\__pycache__\\coroutines.cpython-312.pyc'
# C:\Python312\Lib\__pycache__\inspect.cpython-312.pyc matches C:\Python312\Lib\inspect.py
# code object from 'C:\\Python312\\Lib\\__pycache__\\inspect.cpython-312.pyc'
# C:\Python312\Lib\__pycache__\ast.cpython-312.pyc matches C:\Python312\Lib\ast.py
# code object from 'C:\\Python312\\Lib\\__pycache__\\ast.cpython-312.pyc'
import '_ast' # <class '_frozen_importlib.BuiltinImporter'>
import 'ast' # <_frozen_importlib_external.SourceFileLoader object at 0x0000026419B8D040>
# C:\Python312\Lib\__pycache__\dis.cpython-312.pyc matches C:\Python312\Lib\dis.py
# code object from 'C:\\Python312\\Lib\\__pycache__\\dis.cpython-312.pyc'
# C:\Python312\Lib\__pycache__\opcode.cpython-312.pyc matches C:\Python312\Lib\opcode.py
# code object from 'C:\\Python312\\Lib\\__pycache__\\opcode.cpython-312.pyc'
import '_opcode' # <class '_frozen_importlib.BuiltinImporter'>
import 'opcode' # <_frozen_importlib_external.SourceFileLoader object at 0x000002641B363F50>
import 'dis' # <_frozen_importlib_external.SourceFileLoader object at 0x0000026419B8DE50>
# C:\Python312\Lib\importlib\__pycache__\__init__.cpython-312.pyc matches C:\Python312\Lib\importlib\__init__.py
# code object from 'C:\\Python312\\Lib\\importlib\\__pycache__\\__init__.cpython-312.pyc'
import 'importlib' # <_frozen_importlib_external.SourceFileLoader object at 0x000002641B382AE0>
import 'importlib.machinery' # <class '_frozen_importlib.FrozenImporter'>
import 'inspect' # <_frozen_importlib_external.SourceFileLoader object at 0x0000026419B68A10>
import 'asyncio.coroutines' # <_frozen_importlib_external.SourceFileLoader object at 0x0000026419AD9280>
# C:\Python312\Lib\asyncio\__pycache__\events.cpython-312.pyc matches C:\Python312\Lib\asyncio\events.py
# code object from 'C:\\Python312\\Lib\\asyncio\\__pycache__\\events.cpython-312.pyc'
# C:\Python312\Lib\__pycache__\contextvars.cpython-312.pyc matches C:\Python312\Lib\contextvars.py
# code object from 'C:\\Python312\\Lib\\__pycache__\\contextvars.cpython-312.pyc'
import '_contextvars' # <class '_frozen_importlib.BuiltinImporter'>
import 'contextvars' # <_frozen_importlib_external.SourceFileLoader object at 0x000002641B399A60>
# C:\Python312\Lib\asyncio\__pycache__\format_helpers.cpython-312.pyc matches C:\Python312\Lib\asyncio\format_helpers.py
# code object from 'C:\\Python312\\Lib\\asyncio\\__pycache__\\format_helpers.cpython-312.pyc'
import 'asyncio.format_helpers' # <_frozen_importlib_external.SourceFileLoader object at 0x000002641B39A6F0>
# extension module '_asyncio' loaded from 'C:\\Python312\\DLLs\\_asyncio.pyd'
# C:\Python312\Lib\asyncio\__pycache__\base_futures.cpython-312.pyc matches C:\Python312\Lib\asyncio\base_futures.py
# code object from 'C:\\Python312\\Lib\\asyncio\\__pycache__\\base_futures.cpython-312.pyc'
import 'asyncio.base_futures' # <_frozen_importlib_external.SourceFileLoader object at 0x000002641B39B9E0>
# C:\Python312\Lib\asyncio\__pycache__\exceptions.cpython-312.pyc matches C:\Python312\Lib\asyncio\exceptions.py
# code object from 'C:\\Python312\\Lib\\asyncio\\__pycache__\\exceptions.cpython-312.pyc'
import 'asyncio.exceptions' # <_frozen_importlib_external.SourceFileLoader object at 0x000002641B39BD40>
# C:\Python312\Lib\asyncio\__pycache__\base_tasks.cpython-312.pyc matches C:\Python312\Lib\asyncio\base_tasks.py
# code object from 'C:\\Python312\\Lib\\asyncio\\__pycache__\\base_tasks.cpython-312.pyc'
import 'asyncio.base_tasks' # <_frozen_importlib_external.SourceFileLoader object at 0x000002641B39BDD0>
# extension module '_asyncio' executed from 'C:\\Python312\\DLLs\\_asyncio.pyd'
import '_asyncio' # <_frozen_importlib_external.ExtensionFileLoader object at 0x000002641B39B5F0>
import 'asyncio.events' # <_frozen_importlib_external.SourceFileLoader object at 0x0000026419B6BC20>
# C:\Python312\Lib\asyncio\__pycache__\futures.cpython-312.pyc matches C:\Python312\Lib\asyncio\futures.py
# code object from 'C:\\Python312\\Lib\\asyncio\\__pycache__\\futures.cpython-312.pyc'
import 'asyncio.futures' # <_frozen_importlib_external.SourceFileLoader object at 0x000002641B39B7A0>
# C:\Python312\Lib\asyncio\__pycache__\protocols.cpython-312.pyc matches C:\Python312\Lib\asyncio\protocols.py
# code object from 'C:\\Python312\\Lib\\asyncio\\__pycache__\\protocols.cpython-312.pyc'
import 'asyncio.protocols' # <_frozen_importlib_external.SourceFileLoader object at 0x000002641B3C0B60>
# C:\Python312\Lib\asyncio\__pycache__\sslproto.cpython-312.pyc matches C:\Python312\Lib\asyncio\sslproto.py
# code object from 'C:\\Python312\\Lib\\asyncio\\__pycache__\\sslproto.cpython-312.pyc'
# C:\Python312\Lib\asyncio\__pycache__\transports.cpython-312.pyc matches C:\Python312\Lib\asyncio\transports.py
# code object from 'C:\\Python312\\Lib\\asyncio\\__pycache__\\transports.cpython-312.pyc'
import 'asyncio.transports' # <_frozen_importlib_external.SourceFileLoader object at 0x000002641B3C26C0>
# C:\Python312\Lib\asyncio\__pycache__\log.cpython-312.pyc matches C:\Python312\Lib\asyncio\log.py
# code object from 'C:\\Python312\\Lib\\asyncio\\__pycache__\\log.cpython-312.pyc'
import 'asyncio.log' # <_frozen_importlib_external.SourceFileLoader object at 0x000002641B3C3380>
import 'asyncio.sslproto' # <_frozen_importlib_external.SourceFileLoader object at 0x000002641B3C0F20>
# C:\Python312\Lib\asyncio\__pycache__\staggered.cpython-312.pyc matches C:\Python312\Lib\asyncio\staggered.py
# code object from 'C:\\Python312\\Lib\\asyncio\\__pycache__\\staggered.cpython-312.pyc'
# C:\Python312\Lib\__pycache__\typing.cpython-312.pyc matches C:\Python312\Lib\typing.py
# code object from 'C:\\Python312\\Lib\\__pycache__\\typing.cpython-312.pyc'
import '_typing' # <class '_frozen_importlib.BuiltinImporter'>
import 'typing' # <_frozen_importlib_external.SourceFileLoader object at 0x000002641B3C3AA0>
# C:\Python312\Lib\asyncio\__pycache__\locks.cpython-312.pyc matches C:\Python312\Lib\asyncio\locks.py
# code object from 'C:\\Python312\\Lib\\asyncio\\__pycache__\\locks.cpython-312.pyc'
# C:\Python312\Lib\asyncio\__pycache__\mixins.cpython-312.pyc matches C:\Python312\Lib\asyncio\mixins.py
# code object from 'C:\\Python312\\Lib\\asyncio\\__pycache__\\mixins.cpython-312.pyc'
import 'asyncio.mixins' # <_frozen_importlib_external.SourceFileLoader object at 0x000002641B84C4A0>
import 'asyncio.locks' # <_frozen_importlib_external.SourceFileLoader object at 0x000002641B3EE840>
# C:\Python312\Lib\asyncio\__pycache__\tasks.cpython-312.pyc matches C:\Python312\Lib\asyncio\tasks.py
# code object from 'C:\\Python312\\Lib\\asyncio\\__pycache__\\tasks.cpython-312.pyc'
# C:\Python312\Lib\asyncio\__pycache__\timeouts.cpython-312.pyc matches C:\Python312\Lib\asyncio\timeouts.py
# code object from 'C:\\Python312\\Lib\\asyncio\\__pycache__\\timeouts.cpython-312.pyc'
import 'asyncio.timeouts' # <_frozen_importlib_external.SourceFileLoader object at 0x000002641B84DD30>
import 'asyncio.tasks' # <_frozen_importlib_external.SourceFileLoader object at 0x000002641B417B30>
import 'asyncio.staggered' # <_frozen_importlib_external.SourceFileLoader object at 0x000002641B3C38C0>
# C:\Python312\Lib\asyncio\__pycache__\trsock.cpython-312.pyc matches C:\Python312\Lib\asyncio\trsock.py
# code object from 'C:\\Python312\\Lib\\asyncio\\__pycache__\\trsock.cpython-312.pyc'
import 'asyncio.trsock' # <_frozen_importlib_external.SourceFileLoader object at 0x000002641B84E8D0>
import 'asyncio.base_events' # <_frozen_importlib_external.SourceFileLoader object at 0x00000264196F79E0>
# C:\Python312\Lib\asyncio\__pycache__\runners.cpython-312.pyc matches C:\Python312\Lib\asyncio\runners.py
# code object from 'C:\\Python312\\Lib\\asyncio\\__pycache__\\runners.cpython-312.pyc'
import 'asyncio.runners' # <_frozen_importlib_external.SourceFileLoader object at 0x000002641B84EC90>
# C:\Python312\Lib\asyncio\__pycache__\queues.cpython-312.pyc matches C:\Python312\Lib\asyncio\queues.py
# code object from 'C:\\Python312\\Lib\\asyncio\\__pycache__\\queues.cpython-312.pyc'
import 'asyncio.queues' # <_frozen_importlib_external.SourceFileLoader object at 0x000002641B84F110>
# C:\Python312\Lib\asyncio\__pycache__\streams.cpython-312.pyc matches C:\Python312\Lib\asyncio\streams.py
# code object from 'C:\\Python312\\Lib\\asyncio\\__pycache__\\streams.cpython-312.pyc'
import 'asyncio.streams' # <_frozen_importlib_external.SourceFileLoader object at 0x000002641B84F920>
# C:\Python312\Lib\asyncio\__pycache__\subprocess.cpython-312.pyc matches C:\Python312\Lib\asyncio\subprocess.py
# code object from 'C:\\Python312\\Lib\\asyncio\\__pycache__\\subprocess.cpython-312.pyc'
import 'asyncio.subprocess' # <_frozen_importlib_external.SourceFileLoader object at 0x000002641B84FBF0>
# C:\Python312\Lib\asyncio\__pycache__\taskgroups.cpython-312.pyc matches C:\Python312\Lib\asyncio\taskgroups.py
# code object from 'C:\\Python312\\Lib\\asyncio\\__pycache__\\taskgroups.cpython-312.pyc'
import 'asyncio.taskgroups' # <_frozen_importlib_external.SourceFileLoader object at 0x000002641B87D430>
# C:\Python312\Lib\asyncio\__pycache__\threads.cpython-312.pyc matches C:\Python312\Lib\asyncio\threads.py
# code object from 'C:\\Python312\\Lib\\asyncio\\__pycache__\\threads.cpython-312.pyc'
import 'asyncio.threads' # <_frozen_importlib_external.SourceFileLoader object at 0x000002641B87D880>
# C:\Python312\Lib\asyncio\__pycache__\windows_events.cpython-312.pyc matches C:\Python312\Lib\asyncio\windows_events.py
# code object from 'C:\\Python312\\Lib\\asyncio\\__pycache__\\windows_events.cpython-312.pyc'
# extension module '_overlapped' loaded from 'C:\\Python312\\DLLs\\_overlapped.pyd'
# extension module '_overlapped' executed from 'C:\\Python312\\DLLs\\_overlapped.pyd'
import '_overlapped' # <_frozen_importlib_external.ExtensionFileLoader object at 0x000002641B87F1A0>
# C:\Python312\Lib\asyncio\__pycache__\base_subprocess.cpython-312.pyc matches C:\Python312\Lib\asyncio\base_subprocess.py
# code object from 'C:\\Python312\\Lib\\asyncio\\__pycache__\\base_subprocess.cpython-312.pyc'
import 'asyncio.base_subprocess' # <_frozen_importlib_external.SourceFileLoader object at 0x000002641B87F4A0>
# C:\Python312\Lib\asyncio\__pycache__\proactor_events.cpython-312.pyc matches C:\Python312\Lib\asyncio\proactor_events.py
# code object from 'C:\\Python312\\Lib\\asyncio\\__pycache__\\proactor_events.cpython-312.pyc'
import 'asyncio.proactor_events' # <_frozen_importlib_external.SourceFileLoader object at 0x000002641B8B0320>
# C:\Python312\Lib\asyncio\__pycache__\selector_events.cpython-312.pyc matches C:\Python312\Lib\asyncio\selector_events.py
# code object from 'C:\\Python312\\Lib\\asyncio\\__pycache__\\selector_events.cpython-312.pyc'
import 'asyncio.selector_events' # <_frozen_importlib_external.SourceFileLoader object at 0x000002641B8B1FD0>
# C:\Python312\Lib\asyncio\__pycache__\windows_utils.cpython-312.pyc matches C:\Python312\Lib\asyncio\windows_utils.py
# code object from 'C:\\Python312\\Lib\\asyncio\\__pycache__\\windows_utils.cpython-312.pyc'
# C:\Python312\Lib\__pycache__\tempfile.cpython-312.pyc matches C:\Python312\Lib\tempfile.py
# code object from 'C:\\Python312\\Lib\\__pycache__\\tempfile.cpython-312.pyc'
# C:\Python312\Lib\__pycache__\shutil.cpython-312.pyc matches C:\Python312\Lib\shutil.py
# code object from 'C:\\Python312\\Lib\\__pycache__\\shutil.cpython-312.pyc'
# C:\Python312\Lib\__pycache__\fnmatch.cpython-312.pyc matches C:\Python312\Lib\fnmatch.py
# code object from 'C:\\Python312\\Lib\\__pycache__\\fnmatch.cpython-312.pyc'
import 'posixpath' # <class '_frozen_importlib.FrozenImporter'>
import 'fnmatch' # <_frozen_importlib_external.SourceFileLoader object at 0x000002641B8C7AD0>
import 'zlib' # <class '_frozen_importlib.BuiltinImporter'>
# C:\Python312\Lib\__pycache__\bz2.cpython-312.pyc matches C:\Python312\Lib\bz2.py
# code object from 'C:\\Python312\\Lib\\__pycache__\\bz2.cpython-312.pyc'
# C:\Python312\Lib\__pycache__\_compression.cpython-312.pyc matches C:\Python312\Lib\_compression.py
# code object from 'C:\\Python312\\Lib\\__pycache__\\_compression.cpython-312.pyc'
import '_compression' # <_frozen_importlib_external.SourceFileLoader object at 0x000002641B8ECF80>
# extension module '_bz2' loaded from 'C:\\Python312\\DLLs\\_bz2.pyd'
# extension module '_bz2' executed from 'C:\\Python312\\DLLs\\_bz2.pyd'
import '_bz2' # <_frozen_importlib_external.ExtensionFileLoader object at 0x000002641B8ED5B0>
import 'bz2' # <_frozen_importlib_external.SourceFileLoader object at 0x000002641B8EC5C0>
# C:\Python312\Lib\__pycache__\lzma.cpython-312.pyc matches C:\Python312\Lib\lzma.py
# code object from 'C:\\Python312\\Lib\\__pycache__\\lzma.cpython-312.pyc'
# extension module '_lzma' loaded from 'C:\\Python312\\DLLs\\_lzma.pyd'
# extension module '_lzma' executed from 'C:\\Python312\\DLLs\\_lzma.pyd'
import '_lzma' # <_frozen_importlib_external.ExtensionFileLoader object at 0x000002641B8EDFA0>
import 'lzma' # <_frozen_importlib_external.SourceFileLoader object at 0x000002641B8ED790>
import 'shutil' # <_frozen_importlib_external.SourceFileLoader object at 0x000002641B8C5A90>
# C:\Python312\Lib\__pycache__\random.cpython-312.pyc matches C:\Python312\Lib\random.py
# code object from 'C:\\Python312\\Lib\\__pycache__\\random.cpython-312.pyc'
# C:\Python312\Lib\__pycache__\bisect.cpython-312.pyc matches C:\Python312\Lib\bisect.py
# code object from 'C:\\Python312\\Lib\\__pycache__\\bisect.cpython-312.pyc'
import '_bisect' # <class '_frozen_importlib.BuiltinImporter'>
import 'bisect' # <_frozen_importlib_external.SourceFileLoader object at 0x000002641B8EFF20>
import '_random' # <class '_frozen_importlib.BuiltinImporter'>
import '_sha2' # <class '_frozen_importlib.BuiltinImporter'>
import 'random' # <_frozen_importlib_external.SourceFileLoader object at 0x000002641B8C6030>
import 'tempfile' # <_frozen_importlib_external.SourceFileLoader object at 0x000002641B8B3FB0>
import 'asyncio.windows_utils' # <_frozen_importlib_external.SourceFileLoader object at 0x000002641B8B3AD0>
import 'asyncio.windows_events' # <_frozen_importlib_external.SourceFileLoader object at 0x000002641B87D910>
import 'asyncio' # <_frozen_importlib_external.SourceFileLoader object at 0x00000264196F6C30>
# C:\Python312\Lib\json\__pycache__\__init__.cpython-312.pyc matches C:\Python312\Lib\json\__init__.py
# code object from 'C:\\Python312\\Lib\\json\\__pycache__\\__init__.cpython-312.pyc'
# C:\Python312\Lib\json\__pycache__\decoder.cpython-312.pyc matches C:\Python312\Lib\json\decoder.py
# code object from 'C:\\Python312\\Lib\\json\\__pycache__\\decoder.cpython-312.pyc'
# C:\Python312\Lib\json\__pycache__\scanner.cpython-312.pyc matches C:\Python312\Lib\json\scanner.py
# code object from 'C:\\Python312\\Lib\\json\\__pycache__\\scanner.cpython-312.pyc'
import '_json' # <class '_frozen_importlib.BuiltinImporter'>
import 'json.scanner' # <_frozen_importlib_external.SourceFileLoader object at 0x000002641B918FE0>
import 'json.decoder' # <_frozen_importlib_external.SourceFileLoader object at 0x000002641B918A10>
# C:\Python312\Lib\json\__pycache__\encoder.cpython-312.pyc matches C:\Python312\Lib\json\encoder.py
# code object from 'C:\\Python312\\Lib\\json\\__pycache__\\encoder.cpython-312.pyc'
import 'json.encoder' # <_frozen_importlib_external.SourceFileLoader object at 0x000002641B918E00>
import 'json' # <_frozen_importlib_external.SourceFileLoader object at 0x000002641B87DC10>
# C:\Python312\Lib\__pycache__\pathlib.cpython-312.pyc matches C:\Python312\Lib\pathlib.py
# code object from 'C:\\Python312\\Lib\\__pycache__\\pathlib.cpython-312.pyc'
# C:\Python312\Lib\urllib\__pycache__\__init__.cpython-312.pyc matches C:\Python312\Lib\urllib\__init__.py
# code object from 'C:\\Python312\\Lib\\urllib\\__pycache__\\__init__.cpython-312.pyc'
import 'urllib' # <_frozen_importlib_external.SourceFileLoader object at 0x000002641B980C80>
# C:\Python312\Lib\urllib\__pycache__\parse.cpython-312.pyc matches C:\Python312\Lib\urllib\parse.py
# code object from 'C:\\Python312\\Lib\\urllib\\__pycache__\\parse.cpython-312.pyc'
# C:\Python312\Lib\__pycache__\ipaddress.cpython-312.pyc matches C:\Python312\Lib\ipaddress.py
# code object from 'C:\\Python312\\Lib\\__pycache__\\ipaddress.cpython-312.pyc'
import 'ipaddress' # <_frozen_importlib_external.SourceFileLoader object at 0x000002641B983140>
import 'urllib.parse' # <_frozen_importlib_external.SourceFileLoader object at 0x000002641B980B30>
import 'pathlib' # <_frozen_importlib_external.SourceFileLoader object at 0x000002641B919E20>
Traceback (most recent call last):
  File "C:\Users\conta\refactool-beta\microservices\source-provider\src\analyze_repo.py", line 12, in <module>
    import structlog
  File "<frozen importlib._bootstrap>", line 1360, in _find_and_load
  File "<frozen importlib._bootstrap>", line 1324, in _find_and_load_unlocked
ModuleNotFoundError: No module named 'structlog'
# clear sys.path_importer_cache
# clear sys.path_hooks
# clear builtins._
# clear sys.path
# clear sys.argv
# clear sys.ps1
# clear sys.ps2
# clear sys.last_exc
# clear sys.last_type
# clear sys.last_value
# clear sys.last_traceback
# clear sys.__interactivehook__
# clear sys.meta_path
# restore sys.stdin
# restore sys.stdout
# restore sys.stderr
# cleanup[2] removing sys
# cleanup[2] removing builtins
# cleanup[2] removing _frozen_importlib
# cleanup[2] removing _imp
# cleanup[2] removing _thread
# cleanup[2] removing _warnings
# cleanup[2] removing _weakref
# cleanup[2] removing winreg
# cleanup[2] removing _io
# cleanup[2] removing marshal
# cleanup[2] removing nt
# cleanup[2] removing _frozen_importlib_external
# cleanup[2] removing time
# cleanup[2] removing zipimport
# destroy zipimport
# cleanup[2] removing _codecs
# cleanup[2] removing codecs
# cleanup[2] removing encodings.aliases
# cleanup[2] removing encodings
# cleanup[2] removing encodings.utf_8
# cleanup[2] removing encodings.cp1252
# cleanup[2] removing _signal
# cleanup[2] removing _abc
# cleanup[2] removing abc
# cleanup[2] removing io
# cleanup[2] removing __main__
# destroy __main__
# cleanup[2] removing _stat
# cleanup[2] removing stat
# cleanup[2] removing _collections_abc
# cleanup[2] removing genericpath
# cleanup[2] removing _winapi
# cleanup[2] removing ntpath
# cleanup[2] removing os.path
# cleanup[2] removing os
# cleanup[2] removing _sitebuiltins
# cleanup[2] removing site
# destroy site
# cleanup[2] removing types
# cleanup[2] removing _operator
# cleanup[2] removing operator
# cleanup[2] removing itertools
# cleanup[2] removing keyword
# destroy keyword
# cleanup[2] removing reprlib
# cleanup[2] removing _collections
# cleanup[2] removing collections
# cleanup[2] removing _functools
# cleanup[2] removing functools
# cleanup[2] removing enum
# cleanup[2] removing _sre
# cleanup[2] removing re._constants
# cleanup[2] removing re._parser
# cleanup[2] removing re._casefix
# cleanup[2] removing re._compiler
# cleanup[2] removing copyreg
# cleanup[2] removing re
# cleanup[2] removing warnings
# cleanup[2] removing gettext
# destroy gettext
# cleanup[2] removing argparse
# destroy argparse
# cleanup[2] removing collections.abc
# cleanup[2] removing concurrent
# cleanup[2] removing token
# cleanup[2] removing _tokenize
# cleanup[2] removing tokenize
# cleanup[2] removing linecache
# cleanup[2] removing textwrap
# cleanup[2] removing contextlib
# cleanup[2] removing traceback
# cleanup[2] removing _weakrefset
# destroy _weakrefset
# cleanup[2] removing weakref
# cleanup[2] removing _string
# cleanup[2] removing string
# destroy string
# cleanup[2] removing threading
# cleanup[2] removing atexit
# cleanup[2] removing logging
# cleanup[2] removing concurrent.futures._base
# cleanup[2] removing concurrent.futures
# cleanup[2] removing errno
# cleanup[2] removing _heapq
# cleanup[2] removing heapq
# cleanup[2] removing _socket
# cleanup[2] removing math
# cleanup[2] removing select
# cleanup[2] removing selectors
# cleanup[2] removing socket
# cleanup[2] removing _locale
# cleanup[2] removing locale
# cleanup[2] removing signal
# cleanup[2] removing msvcrt
# cleanup[2] removing subprocess
# cleanup[2] removing _ssl
# cleanup[2] removing _struct
# cleanup[2] removing struct
# cleanup[2] removing binascii
# cleanup[2] removing base64
# cleanup[2] removing ssl
# cleanup[2] removing asyncio.constants
# cleanup[2] removing _ast
# destroy _ast
# cleanup[2] removing ast
# cleanup[2] removing _opcode
# cleanup[2] removing opcode
# destroy opcode
# cleanup[2] removing dis
# cleanup[2] removing importlib._bootstrap
# cleanup[2] removing importlib._bootstrap_external
# cleanup[2] removing importlib
# cleanup[2] removing importlib.machinery
# cleanup[2] removing inspect
# cleanup[2] removing asyncio.coroutines
# cleanup[2] removing _contextvars
# cleanup[2] removing contextvars
# cleanup[2] removing asyncio.format_helpers
# cleanup[2] removing asyncio.base_futures
# cleanup[2] removing asyncio.exceptions
# cleanup[2] removing asyncio.base_tasks
# cleanup[2] removing _asyncio
# cleanup[2] removing asyncio.events
# cleanup[2] removing asyncio.futures
# cleanup[2] removing asyncio.protocols
# cleanup[2] removing asyncio.transports
# cleanup[2] removing asyncio.log
# cleanup[2] removing asyncio.sslproto
# cleanup[2] removing _typing
# cleanup[2] removing typing
# cleanup[2] removing asyncio.mixins
# cleanup[2] removing asyncio.locks
# cleanup[2] removing asyncio.timeouts
# cleanup[2] removing asyncio.tasks
# cleanup[2] removing asyncio.staggered
# cleanup[2] removing asyncio.trsock
# cleanup[2] removing asyncio.base_events
# cleanup[2] removing asyncio.runners
# cleanup[2] removing asyncio.queues
# cleanup[2] removing asyncio.streams
# cleanup[2] removing asyncio.subprocess
# cleanup[2] removing asyncio.taskgroups
# cleanup[2] removing asyncio.threads
# cleanup[2] removing _overlapped
# cleanup[2] removing asyncio.base_subprocess
# cleanup[2] removing asyncio.proactor_events
# cleanup[2] removing asyncio.selector_events
# cleanup[2] removing posixpath
# cleanup[2] removing fnmatch
# cleanup[2] removing zlib
# cleanup[2] removing _compression
# cleanup[2] removing _bz2
# cleanup[2] removing bz2
# destroy bz2
# cleanup[2] removing _lzma
# cleanup[2] removing lzma
# destroy lzma
# cleanup[2] removing shutil
# cleanup[2] removing _bisect
# cleanup[2] removing bisect
# destroy bisect
# cleanup[2] removing _random
# cleanup[2] removing _sha2
# cleanup[2] removing random
# destroy random
# cleanup[2] removing tempfile
# cleanup[2] removing asyncio.windows_utils
# cleanup[2] removing asyncio.windows_events
# cleanup[2] removing asyncio
# cleanup[2] removing _json
# cleanup[2] removing json.scanner
# cleanup[2] removing json.decoder
# cleanup[2] removing json.encoder
# cleanup[2] removing json
# destroy json
# cleanup[2] removing urllib
# destroy urllib
# cleanup[2] removing ipaddress
# cleanup[2] removing urllib.parse
# destroy urllib.parse
# cleanup[2] removing pathlib
# destroy pathlib
# destroy _sitebuiltins
# destroy asyncio.log
# destroy asyncio.runners
# destroy asyncio.queues
# destroy asyncio.subprocess
# destroy asyncio.taskgroups
# destroy asyncio.threads
# destroy asyncio.windows_events
# destroy asyncio.staggered
# destroy concurrent.futures
# destroy concurrent.futures._base
# destroy textwrap
# destroy _tokenize
# destroy _string
# destroy atexit
# destroy select
# destroy locale
# destroy encodings
# destroy _locale
# destroy _signal
# destroy base64
# destroy _ssl
# destroy _struct
# destroy binascii
# destroy ast
# destroy dis
# destroy importlib
# destroy tokenize
# destroy token
# destroy _opcode
# destroy importlib.machinery
# destroy _contextvars
# destroy asyncio
# destroy linecache
# destroy reprlib
# destroy traceback
# destroy logging
# destroy asyncio.base_futures
# destroy typing
# destroy concurrent
# destroy inspect
# destroy asyncio.base_tasks
# destroy asyncio.timeouts
# destroy _asyncio
# destroy heapq
# destroy asyncio.locks
# destroy asyncio.mixins
# destroy _heapq
# destroy asyncio.coroutines
# destroy asyncio.format_helpers
# destroy asyncio.streams
# destroy contextvars
# destroy struct
# destroy time
# destroy asyncio.base_subprocess
# destroy asyncio.proactor_events
# destroy asyncio.selector_events
# destroy asyncio.tasks
# destroy asyncio.windows_utils
# destroy _overlapped
# destroy signal
# destroy threading
# destroy asyncio.exceptions
# destroy selectors
# destroy socket
# destroy ssl
# destroy asyncio.base_events
# destroy asyncio.constants
# destroy asyncio.events
# destroy asyncio.futures
# destroy asyncio.protocols
# destroy asyncio.sslproto
# destroy asyncio.transports
# destroy asyncio.trsock
# destroy msvcrt
# destroy subprocess
# destroy tempfile
# destroy shutil
# destroy weakref
# destroy errno
# destroy zlib
# destroy _bz2
# destroy _compression
# destroy _lzma
# destroy _bisect
# destroy _random
# destroy _sha2
# destroy json.decoder
# destroy json.encoder
# destroy json.scanner
# destroy _json
# destroy fnmatch
# destroy io
# destroy math
# destroy ipaddress
# destroy posixpath
# cleanup[3] wiping _typing
# cleanup[3] wiping importlib._bootstrap_external
# cleanup[3] wiping importlib._bootstrap
# destroy _frozen_importlib_external
# cleanup[3] wiping _socket
# cleanup[3] wiping contextlib
# cleanup[3] wiping collections.abc
# cleanup[3] wiping warnings
# cleanup[3] wiping re
# destroy re._constants
# destroy re._casefix
# destroy re._compiler
# destroy enum
# cleanup[3] wiping copyreg
# cleanup[3] wiping re._parser
# cleanup[3] wiping _sre
# cleanup[3] wiping functools
# cleanup[3] wiping _functools
# cleanup[3] wiping collections
# destroy _collections_abc
# destroy collections.abc
# cleanup[3] wiping _collections
# cleanup[3] wiping itertools
# cleanup[3] wiping operator
# cleanup[3] wiping _operator
# cleanup[3] wiping types
# cleanup[3] wiping os
# destroy abc
# destroy ntpath
# cleanup[3] wiping _winapi
# cleanup[3] wiping genericpath
# cleanup[3] wiping stat
# cleanup[3] wiping _stat
# destroy _stat
# cleanup[3] wiping _abc
# cleanup[3] wiping encodings.cp1252
# cleanup[3] wiping encodings.utf_8
# cleanup[3] wiping encodings.aliases
# cleanup[3] wiping codecs
# cleanup[3] wiping _codecs
# cleanup[3] wiping nt
# cleanup[3] wiping marshal
# destroy marshal
# cleanup[3] wiping _io
# cleanup[3] wiping winreg
# cleanup[3] wiping _weakref
# destroy _weakref
# cleanup[3] wiping _warnings
# destroy _warnings
# cleanup[3] wiping _thread
# cleanup[3] wiping _imp
# destroy _imp
# cleanup[3] wiping _frozen_importlib
# cleanup[3] wiping sys
# cleanup[3] wiping builtins
# destroy sys.monitoring
# destroy _io
# destroy _socket
# destroy winreg
# destroy re._parser
# destroy _collections
# destroy _thread
# destroy os
# destroy stat
# destroy genericpath
# destroy nt
# destroy collections
# destroy copyreg
# destroy contextlib
# destroy functools
# destroy operator
# destroy types
# destroy warnings
# destroy _typing
# destroy itertools
# destroy _winapi
# clear sys.meta_path
# clear sys.modules
# destroy _frozen_importlib
# destroy codecs
# destroy encodings.aliases
# destroy encodings.utf_8
# destroy encodings.cp1252
# destroy _codecs
# destroy re
# destroy sys
# destroy builtins
# destroy _sre
# destroy _operator
# destroy _abc
# destroy _functools
# clear sys.audit hooks
